


ARM Macro Assembler    Page 1 


    1 00000000         ;Assembly language by csic.taobao.com
    2 00000000                 THUMB
    3 00000000                 REQUIRE8
    4 00000000                 PRESERVE8
    5 00000000         
    6 00000000                 AREA             ||.text||, CODE, READONLY, ALIG
N=2
    7 00000000         
    8 00000000         fix_cs_params
                               PROC
    9 00000000 4816            LDR              r0,|L0.92|
   10 00000002 B510            PUSH             {r4,lr}
   11 00000004 6801            LDR              r1,[r0,#0]
   12 00000006 B141            CBZ              r1,|L0.26|
   13 00000008 F8D1 00A0       LDR              r0,[r1,#0xa0]
   14 0000000C F8D1 1090       LDR              r1,[r1,#0x90]
   15 00000010 F8C0 12E0       STR              r1,[r0,#0x2e0]
   16 00000014 2102            MOVS             r1,#2
   17 00000016 F7FF FFFE       BL               woal_init_priv
   18 0000001A         |L0.26|
   19 0000001A 4811            LDR              r0,|L0.96|
   20 0000001C 6801            LDR              r1,[r0,#0]
   21 0000001E 2900            CMP              r1,#0
   22 00000020 D00A            BEQ              |L0.56|
   23 00000022 F8D1 00A0       LDR              r0,[r1,#0xa0]
   24 00000026 F8D1 1090       LDR              r1,[r1,#0x90]
   25 0000002A F8C0 12E0       STR              r1,[r0,#0x2e0]
   26 0000002E E8BD 4010       POP              {r4,lr}
   27 00000032 2102            MOVS             r1,#2
   28 00000034 F7FF BFFE       B.W              woal_init_priv
   29 00000038         |L0.56|
   30 00000038 BD10            POP              {r4,pc}
   31 0000003A                 ENDP
   32 0000003A         
   33 0000003A         init_monitor
                               PROC
   34 0000003A B51C            PUSH             {r2-r4,lr}
   35 0000003C 4809            LDR              r0,|L0.100|
   36 0000003E 7800            LDRB             r0,[r0,#0]
   37 00000040 B148            CBZ              r0,|L0.86|
   38 00000042 A109            ADR              r1,|L0.104|
   39 00000044 2080            MOVS             r0,#0x80
   40 00000046 E9CD 0100       STRD             r0,r1,[sp,#0]
   41 0000004A 2300            MOVS             r3,#0
   42 0000004C 220F            MOVS             r2,#0xf
   43 0000004E 4619            MOV              r1,r3
   44 00000050 4807            LDR              r0,|L0.112|
   45 00000052 F7FF FFFE       BL               thread_create
   46 00000056         |L0.86|
   47 00000056 E8BD 401C       POP              {r2-r4,lr}
   48 0000005A E7FE            B                fix_cs_params
   49 0000005C                 ENDP
   50 0000005C         
   51 0000005C         |L0.92|
   52 0000005C 00000000        DCD              sta_wifi_dev
   53 00000060         |L0.96|
   54 00000060 00000000        DCD              ap_wifi_dev
   55 00000064         |L0.100|
   56 00000064 00000000        DCD              monitor_enable



ARM Macro Assembler    Page 2 


   57 00000068         |L0.104|
   58 00000068 6D 6F 6E 
              69 74 6F 
              72 00            DCB              "monitor",0
   59 00000070         |L0.112|
   60 00000070 00000000        DCD              dev_monitor_task
   61 00000074         
   62 00000074                 AREA             ||.arm_vfe_header||, DATA, READ
ONLY, NOALLOC, ALIGN=2
   63 00000000         
   64 00000000 00000000        DCD              0x00000000
   65 00000004         
   66 00000004                 EXPORT           fix_cs_params [CODE]
   67 00000004                 EXPORT           init_monitor [CODE]
   68 00000004         
   69 00000004                 IMPORT           ||Lib$$Request$$armlib|| [CODE,
WEAK]
   70 00000004                 IMPORT           woal_init_priv [CODE]
   71 00000004                 IMPORT           sta_wifi_dev [DATA]
   72 00000004                 IMPORT           ap_wifi_dev [DATA]
   73 00000004                 IMPORT           thread_create [CODE]
   74 00000004                 IMPORT           monitor_enable [DATA]
   75 00000004                 IMPORT           dev_monitor_task [CODE]
   76 00000004         
   77 00000004                 ATTR             FILESCOPE
   78 00000004                 ATTR             SETVALUE Tag_ABI_PCS_wchar_t,2
   79 00000004                 ATTR             SETVALUE Tag_ABI_enum_size,1
   80 00000004                 ATTR             SETVALUE Tag_ABI_optimization_g
oals,3
   81 00000004                 ATTR             SETSTRING Tag_conformance,"2.06
"
   82 00000004                 ATTR             SETVALUE AV,18,1
   83 00000004         
   84 00000004                 ASSERT           {ENDIAN} = "little"
   85 00000004                 ASSERT           {INTER} = {TRUE}
   86 00000004                 ASSERT           {ROPI} = {FALSE}
   87 00000004                 ASSERT           {RWPI} = {FALSE}
   88 00000004                 ASSERT           {IEEE_FULL} = {FALSE}
   89 00000004                 ASSERT           {IEEE_PART} = {FALSE}
   90 00000004                 ASSERT           {IEEE_JAVA} = {FALSE}
   91 00000004                 END
Command Line: --debug --xref --cpu=Cortex-M3 --apcs=interwork --depend=.\out\mo
nitor.d -o.\out\monitor.o -I"D:\Program Files (x86)\Keil\ARM\INC" -I"D:\Program
 Files (x86)\Keil\ARM\INC\ST\STM32F10x" --predefine="__MICROLIB SETA 1" --list=
.\list\monitor.lst ..\monitor\monitor.c



ARM Macro Assembler    Page 1 Alphabetic symbol ordering
Relocatable symbols

L0.100 00000064

Symbol: L0.100
   Definitions
      At line 55 in file ..\monitor\monitor.c
   Uses
      At line 35 in file ..\monitor\monitor.c
Comment: L0.100 used once
L0.104 00000068

Symbol: L0.104
   Definitions
      At line 57 in file ..\monitor\monitor.c
   Uses
      At line 38 in file ..\monitor\monitor.c
Comment: L0.104 used once
L0.112 00000070

Symbol: L0.112
   Definitions
      At line 59 in file ..\monitor\monitor.c
   Uses
      At line 44 in file ..\monitor\monitor.c
Comment: L0.112 used once
L0.26 0000001A

Symbol: L0.26
   Definitions
      At line 18 in file ..\monitor\monitor.c
   Uses
      At line 12 in file ..\monitor\monitor.c
Comment: L0.26 used once
L0.56 00000038

Symbol: L0.56
   Definitions
      At line 29 in file ..\monitor\monitor.c
   Uses
      At line 22 in file ..\monitor\monitor.c
Comment: L0.56 used once
L0.86 00000056

Symbol: L0.86
   Definitions
      At line 46 in file ..\monitor\monitor.c
   Uses
      At line 37 in file ..\monitor\monitor.c
Comment: L0.86 used once
L0.92 0000005C

Symbol: L0.92
   Definitions
      At line 51 in file ..\monitor\monitor.c
   Uses
      At line 9 in file ..\monitor\monitor.c
Comment: L0.92 used once
L0.96 00000060

Symbol: L0.96



ARM Macro Assembler    Page 2 Alphabetic symbol ordering
Relocatable symbols

   Definitions
      At line 53 in file ..\monitor\monitor.c
   Uses
      At line 19 in file ..\monitor\monitor.c
Comment: L0.96 used once
fix_cs_params 00000000

Symbol: fix_cs_params
   Definitions
      At line 8 in file ..\monitor\monitor.c
   Uses
      At line 48 in file ..\monitor\monitor.c
      At line 66 in file ..\monitor\monitor.c

init_monitor 0000003A

Symbol: init_monitor
   Definitions
      At line 33 in file ..\monitor\monitor.c
   Uses
      At line 67 in file ..\monitor\monitor.c
Comment: init_monitor used once
|.text| 00000000

Symbol: |.text|
   Definitions
      At line 6 in file ..\monitor\monitor.c
   Uses
      None
Comment: |.text| unused
11 symbols



ARM Macro Assembler    Page 1 Alphabetic symbol ordering
Relocatable symbols

|.arm_vfe_header| 00000000

Symbol: |.arm_vfe_header|
   Definitions
      At line 62 in file ..\monitor\monitor.c
   Uses
      None
Comment: |.arm_vfe_header| unused
1 symbol



ARM Macro Assembler    Page 1 Alphabetic symbol ordering
External symbols

ap_wifi_dev 00000000

Symbol: ap_wifi_dev
   Definitions
      At line 72 in file ..\monitor\monitor.c
   Uses
      At line 54 in file ..\monitor\monitor.c
Comment: ap_wifi_dev used once
dev_monitor_task 00000000

Symbol: dev_monitor_task
   Definitions
      At line 75 in file ..\monitor\monitor.c
   Uses
      At line 60 in file ..\monitor\monitor.c
Comment: dev_monitor_task used once
monitor_enable 00000000

Symbol: monitor_enable
   Definitions
      At line 74 in file ..\monitor\monitor.c
   Uses
      At line 56 in file ..\monitor\monitor.c
Comment: monitor_enable used once
sta_wifi_dev 00000000

Symbol: sta_wifi_dev
   Definitions
      At line 71 in file ..\monitor\monitor.c
   Uses
      At line 52 in file ..\monitor\monitor.c
Comment: sta_wifi_dev used once
thread_create 00000000

Symbol: thread_create
   Definitions
      At line 73 in file ..\monitor\monitor.c
   Uses
      At line 45 in file ..\monitor\monitor.c
Comment: thread_create used once
woal_init_priv 00000000

Symbol: woal_init_priv
   Definitions
      At line 70 in file ..\monitor\monitor.c
   Uses
      At line 17 in file ..\monitor\monitor.c
      At line 28 in file ..\monitor\monitor.c

|Lib$$Request$$armlib| 00000000

Symbol: |Lib$$Request$$armlib|
   Definitions
      At line 69 in file ..\monitor\monitor.c
   Uses
      None
Comment: |Lib$$Request$$armlib| unused
7 symbols
344 symbols in table
